{"/Users/adeyemiadekorede/Documents/bankaReact/src/index.js": {"path":"/Users/adeyemiadekorede/Documents/bankaReact/src/index.js","statementMap":{"0":{"start":{"line":4,"column":12},"end":{"line":6,"column":1}},"1":{"start":{"line":5,"column":2},"end":{"line":5,"column":24}},"2":{"start":{"line":9,"column":0},"end":{"line":9,"column":58}}},"fnMap":{"0":{"name":"(anonymous_0)","decl":{"start":{"line":4,"column":12},"end":{"line":4,"column":13}},"loc":{"start":{"line":5,"column":2},"end":{"line":5,"column":24}},"line":5}},"branchMap":{},"s":{"0":0,"1":0,"2":0},"f":{"0":0},"b":{},"hash":"b79f2ec83291ab33f9a2ff59bff262c79d9dfa77"}
}
